<?xml version="1.0" encoding="UTF-8"?>
<!-- Generated by org.testng.reporters.JUnitReportReporter -->
<testsuite skipped="0" hostname="FULL411-WIN" name="usingdatadrive.EnterData" tests="2" failures="0" timestamp="02 Apr 2018 03:58:25 GMT" time="46.311" errors="0">
  <testcase name="openEnterData" time="37.324" classname="usingdatadrive.EnterData"/>
  <testcase name="openEnterData" time="8.987" classname="usingdatadrive.EnterData"/>
</testsuite> <!-- usingdatadrive.EnterData -->
