<?xml version="1.0" encoding="UTF-8"?>
<!-- Generated by org.testng.reporters.JUnitReportReporter -->
<testsuite skipped="0" hostname="FULL411-WIN" name="usingdatadrive.Execute" tests="1" failures="0" timestamp="02 Apr 2018 03:35:57 GMT" time="18.508" errors="0">
  <testcase name="outExecute" time="18.508" classname="usingdatadrive.Execute"/>
</testsuite> <!-- usingdatadrive.Execute -->
