<?xml version="1.0" encoding="UTF-8"?>
<!-- Generated by org.testng.reporters.JUnitReportReporter -->
<testsuite skipped="0" hostname="FULL411-WIN" name="usingdatadrive.Login" tests="1" failures="0" timestamp="31 Mar 2018 17:05:44 GMT" time="5.918" errors="0">
  <testcase name="openBrowser" time="5.918" classname="usingdatadrive.Login"/>
</testsuite> <!-- usingdatadrive.Login -->
