<?xml version="1.0" encoding="UTF-8"?>
<!-- Generated by org.testng.reporters.JUnitReportReporter -->
<testsuite skipped="0" hostname="FULL411-WIN" name="usingdatadrive.Browser" tests="1" failures="0" timestamp="31 Mar 2018 17:13:39 GMT" time="8.147" errors="0">
  <testcase name="openBrowser" time="8.147" classname="usingdatadrive.Browser"/>
</testsuite> <!-- usingdatadrive.Browser -->
